app/build/intermediates/proguard-rules/release/aapt_rules.txt
# view res/layout/design_bottom_navigation_item.xml #generated:26
-keep class android.support.design.internal.BaselineLayout { <init>(...); }

# view res/layout/design_navigation_item.xml #generated:17
-keep class android.support.design.internal.NavigationMenuItemView { <init>(...); }

# view res/layout/design_navigation_menu.xml #generated:17
-keep class android.support.design.internal.NavigationMenuView { <init>(...); }

# view res/layout/design_layout_snackbar_include.xml #generated:18
-keep class android.support.design.internal.SnackbarContentLayout { <init>(...); }

# view res/layout/app_bar_main.xml #generated:10
-keep class android.support.design.widget.AppBarLayout { <init>(...); }

# view res/layout/design_text_input_password_icon.xml #generated:18
-keep class android.support.design.widget.CheckableImageButton { <init>(...); }

# view res/layout/app_bar_main.xml #generated:2
# view res/layout/design_bottom_sheet_dialog.xml #generated:17
-keep class android.support.design.widget.CoordinatorLayout { <init>(...); }

# view res/layout/activity_main.xml #generated:20
-keep class android.support.design.widget.NavigationView { <init>(...); }

# view res/layout/design_layout_snackbar.xml #generated:18
# view sw600dp-v13/res/layout-sw600dp-v13/design_layout_snackbar.xml #generated:18
-keep class android.support.design.widget.Snackbar$SnackbarLayout { <init>(...); }

# view res/layout/activity_login.xml #generated:24
# view res/layout/activity_login.xml #generated:39
-keep class android.support.design.widget.TextInputLayout { <init>(...); }

# view res/layout/activity_main.xml #generated:2
-keep class android.support.v4.widget.DrawerLayout { <init>(...); }

# view res/layout/abc_alert_dialog_material.xml #generated:41
-keep class android.support.v4.widget.NestedScrollView { <init>(...); }

# view res/layout/abc_alert_dialog_button_bar_material.xml #generated:43
# view res/layout/abc_alert_dialog_material.xml #generated:52
# view res/layout/abc_alert_dialog_material.xml #generated:66
# view res/layout/abc_alert_dialog_title_material.xml #generated:56
-keep class android.support.v4.widget.Space { <init>(...); }

# view res/layout/abc_select_dialog_material.xml #generated:23
-keep class android.support.v7.app.AlertController$RecycleListView { <init>(...); }

# view res/layout/mr_volume_control.xml #generated:41
-keep class android.support.v7.app.MediaRouteExpandCollapseButton { <init>(...); }

# view res/layout/mr_controller_volume_item.xml #generated:43
# view res/layout/mr_volume_control.xml #generated:33
-keep class android.support.v7.app.MediaRouteVolumeSlider { <init>(...); }

# view res/layout/mr_controller_material_dialog_b.xml #generated:86
-keep class android.support.v7.app.OverlayListView { <init>(...); }

# view res/layout/abc_action_menu_item_layout.xml #generated:17
-keep class android.support.v7.view.menu.ActionMenuItemView { <init>(...); }

# view res/layout/abc_expanded_menu_layout.xml #generated:17
-keep class android.support.v7.view.menu.ExpandedMenuView { <init>(...); }

# view res/layout/abc_list_menu_item_layout.xml #generated:17
# view res/layout/abc_popup_menu_item_layout.xml #generated:17
-keep class android.support.v7.view.menu.ListMenuItemView { <init>(...); }

# view res/layout/abc_screen_toolbar.xml #generated:27
-keep class android.support.v7.widget.ActionBarContainer { <init>(...); }

# view res/layout/abc_action_mode_bar.xml #generated:19
# view res/layout/abc_screen_toolbar.xml #generated:43
-keep class android.support.v7.widget.ActionBarContextView { <init>(...); }

# view res/layout/abc_screen_toolbar.xml #generated:17
-keep class android.support.v7.widget.ActionBarOverlayLayout { <init>(...); }

# view res/layout/abc_action_menu_layout.xml #generated:17
-keep class android.support.v7.widget.ActionMenuView { <init>(...); }

# view res/layout/abc_activity_chooser_view.xml #generated:19
-keep class android.support.v7.widget.ActivityChooserView$InnerLayout { <init>(...); }

# view res/layout/abc_alert_dialog_material.xml #generated:18
-keep class android.support.v7.widget.AlertDialogLayout { <init>(...); }

# view res/layout/abc_alert_dialog_button_bar_material.xml #generated:26
-keep class android.support.v7.widget.ButtonBarLayout { <init>(...); }

# view res/layout/recycle_elementos.xml #generated:2
# view res/layout/recycle_hijos.xml #generated:2
# view res/layout/recycle_menu_tutores.xml #generated:2
-keep class android.support.v7.widget.CardView { <init>(...); }

# view res/layout/abc_screen_content_include.xml #generated:19
-keep class android.support.v7.widget.ContentFrameLayout { <init>(...); }

# view res/layout/abc_alert_dialog_title_material.xml #generated:45
-keep class android.support.v7.widget.DialogTitle { <init>(...); }

# view res/layout/abc_screen_simple_overlay_action_mode.xml #generated:23
-keep class android.support.v7.widget.FitWindowsFrameLayout { <init>(...); }

# view res/layout/abc_dialog_title_material.xml #generated:22
# view res/layout/abc_screen_simple.xml #generated:17
-keep class android.support.v7.widget.FitWindowsLinearLayout { <init>(...); }

# view res/layout/activity_lista_elementos.xml #generated:30
# view res/layout/activity_menu_hijos.xml #generated:30
# view res/layout/content_main.xml #generated:40
-keep class android.support.v7.widget.RecyclerView { <init>(...); }

# view res/layout/abc_search_view.xml #generated:75
-keep class android.support.v7.widget.SearchView$SearchAutoComplete { <init>(...); }

# view res/layout/abc_screen_toolbar.xml #generated:36
# view res/layout/app_bar_main.xml #generated:15
# view res/layout/cast_expanded_controller_activity.xml #generated:28
-keep class android.support.v7.widget.Toolbar { <init>(...); }

# view res/layout/abc_screen_simple.xml #generated:25
# view res/layout/abc_screen_simple_overlay_action_mode.xml #generated:32
-keep class android.support.v7.widget.ViewStubCompat { <init>(...); }

# view AndroidManifest.xml #generated:193
-keep class com.google.android.gms.ads.AdActivity { <init>(...); }

# view AndroidManifest.xml #generated:197
-keep class com.google.android.gms.ads.purchase.InAppPurchaseActivity { <init>(...); }

# view AndroidManifest.xml #generated:200
-keep class com.google.android.gms.appinvite.PreviewActivity { <init>(...); }

# view AndroidManifest.xml #generated:219
-keep class com.google.android.gms.auth.api.signin.RevocationBoundService { <init>(...); }

# view AndroidManifest.xml #generated:210
-keep class com.google.android.gms.auth.api.signin.internal.SignInHubActivity { <init>(...); }

# view AndroidManifest.xml #generated:227
-keep class com.google.android.gms.cast.framework.ReconnectionService { <init>(...); }

# view res/layout/cast_help_text.xml #generated:2
-keep class com.google.android.gms.cast.framework.internal.featurehighlight.HelpTextView { <init>(...); }

# view AndroidManifest.xml #generated:224
-keep class com.google.android.gms.cast.framework.media.MediaIntentReceiver { <init>(...); }

# view AndroidManifest.xml #generated:226
-keep class com.google.android.gms.cast.framework.media.MediaNotificationService { <init>(...); }

# view AndroidManifest.xml #generated:245
-keep class com.google.android.gms.common.api.GoogleApiActivity { <init>(...); }

# view res/layout/activity_maps.xml #generated:28
-keep class com.google.android.gms.maps.SupportMapFragment { <init>(...); }

# view AndroidManifest.xml #generated:266
-keep class com.google.android.gms.measurement.AppMeasurementInstallReferrerReceiver { <init>(...); }

# view AndroidManifest.xml #generated:261
-keep class com.google.android.gms.measurement.AppMeasurementReceiver { <init>(...); }

# view AndroidManifest.xml #generated:275
-keep class com.google.android.gms.measurement.AppMeasurementService { <init>(...); }

# view AndroidManifest.xml #generated:233
-keep class com.google.android.gms.tagmanager.TagManagerPreviewActivity { <init>(...); }

# view AndroidManifest.xml #generated:228
-keep class com.google.android.gms.tagmanager.TagManagerService { <init>(...); }

# view AndroidManifest.xml #generated:295
-keep class com.google.firebase.iid.FirebaseInstanceIdInternalReceiver { <init>(...); }

# view AndroidManifest.xml #generated:280
-keep class com.google.firebase.iid.FirebaseInstanceIdReceiver { <init>(...); }

# view AndroidManifest.xml #generated:302
-keep class com.google.firebase.iid.FirebaseInstanceIdService { <init>(...); }

# view AndroidManifest.xml #generated:253
-keep class com.google.firebase.messaging.FirebaseMessagingService { <init>(...); }

# view AndroidManifest.xml #generated:310
-keep class com.google.firebase.provider.FirebaseInitProvider { <init>(...); }

# view AndroidManifest.xml #generated:130
-keep class mx.com.logydes.colegioarji.Boleta { <init>(...); }

# view AndroidManifest.xml #generated:85
-keep class mx.com.logydes.colegioarji.BoletinActivity { <init>(...); }

# view AndroidManifest.xml #generated:123
-keep class mx.com.logydes.colegioarji.Elemento { <init>(...); }

# view AndroidManifest.xml #generated:114
-keep class mx.com.logydes.colegioarji.ListaElementos { <init>(...); }

# view AndroidManifest.xml #generated:74
-keep class mx.com.logydes.colegioarji.LoginActivity { <init>(...); }

# view AndroidManifest.xml #generated:63
-keep class mx.com.logydes.colegioarji.MainActivity { <init>(...); }

# view AndroidManifest.xml #generated:149
-keep class mx.com.logydes.colegioarji.MapsActivity { <init>(...); }

# view AndroidManifest.xml #generated:105
-keep class mx.com.logydes.colegioarji.MenuHijos { <init>(...); }

# view AndroidManifest.xml #generated:56
-keep class mx.com.logydes.colegioarji.Utils.AppController { <init>(...); }

# view AndroidManifest.xml #generated:164
-keep class mx.com.logydes.colegioarji.Utils.NotificacionIDTokenService { <init>(...); }

# view AndroidManifest.xml #generated:159
-keep class mx.com.logydes.colegioarji.Utils.NotificationService { <init>(...); }