app/build/outputs/mapping/release/seeds.txt
mx.com.logydes.colegioarji.Boleta
mx.com.logydes.colegioarji.Boleta: Boleta()
mx.com.logydes.colegioarji.BoletinActivity
mx.com.logydes.colegioarji.BoletinActivity: BoletinActivity()
mx.com.logydes.colegioarji.Elemento
mx.com.logydes.colegioarji.Elemento: Elemento()
mx.com.logydes.colegioarji.ListaElementos
mx.com.logydes.colegioarji.ListaElementos: ListaElementos()
mx.com.logydes.colegioarji.LoginActivity
mx.com.logydes.colegioarji.LoginActivity: LoginActivity()
mx.com.logydes.colegioarji.MainActivity
mx.com.logydes.colegioarji.MainActivity: MainActivity()
mx.com.logydes.colegioarji.MapsActivity
mx.com.logydes.colegioarji.MapsActivity: MapsActivity()
mx.com.logydes.colegioarji.MenuHijos
mx.com.logydes.colegioarji.MenuHijos: MenuHijos()
mx.com.logydes.colegioarji.R$anim: int abc_fade_in
mx.com.logydes.colegioarji.R$anim: int abc_fade_out
mx.com.logydes.colegioarji.R$anim: int abc_grow_fade_in_from_bottom
mx.com.logydes.colegioarji.R$anim: int abc_popup_enter
mx.com.logydes.colegioarji.R$anim: int abc_popup_exit
mx.com.logydes.colegioarji.R$anim: int abc_shrink_fade_out_from_bottom
mx.com.logydes.colegioarji.R$anim: int abc_slide_in_bottom
mx.com.logydes.colegioarji.R$anim: int abc_slide_in_top
mx.com.logydes.colegioarji.R$anim: int abc_slide_out_bottom
mx.com.logydes.colegioarji.R$anim: int abc_slide_out_top
mx.com.logydes.colegioarji.R$anim: int design_bottom_sheet_slide_in
mx.com.logydes.colegioarji.R$anim: int design_bottom_sheet_slide_out
mx.com.logydes.colegioarji.R$anim: int design_fab_in
mx.com.logydes.colegioarji.R$anim: int design_fab_out
mx.com.logydes.colegioarji.R$anim: int design_snackbar_in
mx.com.logydes.colegioarji.R$anim: int design_snackbar_out
mx.com.logydes.colegioarji.R$animator: int design_appbar_state_list_animator
mx.com.logydes.colegioarji.R$array: int cast_expanded_controller_default_control_buttons
mx.com.logydes.colegioarji.R$array: int cast_mini_controller_default_control_buttons
mx.com.logydes.colegioarji.R$attr: int MediaRouteControllerWindowBackground
mx.com.logydes.colegioarji.R$attr: int actionBarDivider
mx.com.logydes.colegioarji.R$attr: int actionBarItemBackground
mx.com.logydes.colegioarji.R$attr: int actionBarPopupTheme
mx.com.logydes.colegioarji.R$attr: int actionBarSize
mx.com.logydes.colegioarji.R$attr: int actionBarSplitStyle
mx.com.logydes.colegioarji.R$attr: int actionBarStyle
mx.com.logydes.colegioarji.R$attr: int actionBarTabBarStyle
mx.com.logydes.colegioarji.R$attr: int actionBarTabStyle
mx.com.logydes.colegioarji.R$attr: int actionBarTabTextStyle
mx.com.logydes.colegioarji.R$attr: int actionBarTheme
mx.com.logydes.colegioarji.R$attr: int actionBarWidgetTheme
mx.com.logydes.colegioarji.R$attr: int actionButtonStyle
mx.com.logydes.colegioarji.R$attr: int actionDropDownStyle
mx.com.logydes.colegioarji.R$attr: int actionLayout
mx.com.logydes.colegioarji.R$attr: int actionMenuTextAppearance
mx.com.logydes.colegioarji.R$attr: int actionMenuTextColor
mx.com.logydes.colegioarji.R$attr: int actionModeBackground
mx.com.logydes.colegioarji.R$attr: int actionModeCloseButtonStyle
mx.com.logydes.colegioarji.R$attr: int actionModeCloseDrawable
mx.com.logydes.colegioarji.R$attr: int actionModeCopyDrawable
mx.com.logydes.colegioarji.R$attr: int actionModeCutDrawable
mx.com.logydes.colegioarji.R$attr: int actionModeFindDrawable
mx.com.logydes.colegioarji.R$attr: int actionModePasteDrawable
mx.com.logydes.colegioarji.R$bool: int abc_action_bar_embed_tabs
mx.com.logydes.colegioarji.R$bool: int abc_allow_stacked_button_bar
mx.com.logydes.colegioarji.R$bool: int abc_config_actionMenuItemAllCaps
mx.com.logydes.colegioarji.R$bool: int abc_config_closeDialogWhenTouchOutside
mx.com.logydes.colegioarji.R$bool: int abc_config_showMenuShortcutsWhenKeyboardPresent
...
com.google.android.gms.ads.internal.client.zzx$zza: zzx$zza()
com.google.android.gms.ads.internal.client.zzx$zza: com.google.android.gms.ads.internal.client.zzx asInterface(android.os.IBinder)
com.google.android.gms.ads.internal.client.zzx$zza: android.os.IBinder asBinder()
com.google.android.gms.ads.internal.client.zzx$zza: boolean onTransact(int,android.os.Parcel,android.os.Parcel,int)
com.google.android.gms.ads.internal.formats.NativeAdOptionsParcel
com.google.android.gms.ads.internal.formats.NativeAdOptionsParcel: android.os.Parcelable$Creator CREATOR
com.google.android.gms.ads.internal.overlay.AdLauncherIntentInfoParcel
com.google.android.gms.ads.internal.overlay.AdLauncherIntentInfoParcel: android.os.Parcelable$Creator CREATOR
com.google.android.gms.ads.internal.overlay.AdOverlayInfoParcel
com.google.android.gms.ads.internal.overlay.AdOverlayInfoParcel: android.os.Parcelable$Creator CREATOR
com.google.android.gms.ads.internal.overlay.zzc: void setVideoPath(java.lang.String)
com.google.android.gms.ads.internal.overlay.zzc: void setVideoURI(android.net.Uri)
com.google.android.gms.ads.internal.overlay.zzc: int getDuration()
com.google.android.gms.ads.internal.overlay.zzc: int getCurrentPosition()
com.google.android.gms.ads.internal.overlay.zzc: int getVideoWidth()
com.google.android.gms.ads.internal.overlay.zzc: int getVideoHeight()
com.google.android.gms.ads.internal.overlay.zzi: void setVideoPath(java.lang.String)
com.google.android.gms.ads.internal.overlay.zzi: int getCurrentPosition()
com.google.android.gms.ads.internal.overlay.zzi: int getDuration()
com.google.android.gms.ads.internal.overlay.zzi: int getVideoWidth()
com.google.android.gms.ads.internal.overlay.zzi: int getVideoHeight()
com.google.android.gms.ads.internal.purchase.GInAppPurchaseManagerInfoParcel
com.google.android.gms.ads.internal.purchase.GInAppPurchaseManagerInfoParcel: android.os.Parcelable$Creator CREATOR
com.google.android.gms.ads.internal.request.AdRequestInfoParcel
com.google.android.gms.ads.internal.request.AdRequestInfoParcel: android.os.Parcelable$Creator CREATOR
com.google.android.gms.ads.internal.request.AdResponseParcel
com.google.android.gms.ads.internal.request.AdResponseParcel: android.os.Parcelable$Creator CREATOR
com.google.android.gms.ads.internal.request.AutoClickProtectionConfigurationParcel
com.google.android.gms.ads.internal.request.AutoClickProtectionConfigurationParcel: android.os.Parcelable$Creator CREATOR
com.google.android.gms.ads.internal.request.CapabilityParcel
com.google.android.gms.ads.internal.request.CapabilityParcel: android.os.Parcelable$Creator CREATOR
com.google.android.gms.ads.internal.request.LargeParcelTeleporter
com.google.android.gms.ads.internal.request.LargeParcelTeleporter: android.os.Parcelable$Creator CREATOR
com.google.android.gms.ads.internal.request.StringParcel
com.google.android.gms.ads.internal.request.StringParcel: android.os.Parcelable$Creator CREATOR
com.google.android.gms.ads.internal.reward.client.RewardedVideoAdRequestParcel
com.google.android.gms.ads.internal.reward.client.RewardedVideoAdRequestParcel: android.os.Parcelable$Creator CREATOR
com.google.android.gms.ads.internal.reward.mediation.client.RewardItemParcel
com.google.android.gms.ads.internal.reward.mediation.client.RewardItemParcel: android.os.Parcelable$Creator CREATOR
com.google.android.gms.ads.internal.safebrowsing.SafeBrowsingConfigParcel
com.google.android.gms.ads.internal.safebrowsing.SafeBrowsingConfigParcel: android.os.Parcelable$Creator CREATOR
com.google.android.gms.ads.internal.util.client.VersionInfoParcel
com.google.android.gms.ads.internal.util.client.VersionInfoParcel: android.os.Parcelable$Creator CREATOR
com.google.android.gms.ads.mediation.customevent.CustomEventAdapter
com.google.android.gms.ads.purchase.InAppPurchaseActivity
com.google.android.gms.ads.purchase.InAppPurchaseActivity: InAppPurchaseActivity()