app/build/outputs/mapping/release/mapping.txt
mx.com.logydes.colegioarji.Adapter.AdapterHijos -> mx.com.logydes.colegioarji.a.a:
    java.util.ArrayList MM -> a
    android.app.Activity activity -> b
    38:43:void <init>(android.app.Activity) -> <init>
    48:49:mx.com.logydes.colegioarji.Adapter.AdapterHijos$AdapterHijosViewHolder onCreateViewHolder(android.view.ViewGroup,int) -> a
    55:95:void onBindViewHolder(mx.com.logydes.colegioarji.Adapter.AdapterHijos$AdapterHijosViewHolder,int) -> a
    98:98:int getItemCount() -> a
    27:27:void onBindViewHolder(android.support.v7.widget.RecyclerView$ViewHolder,int) -> a
    27:27:android.support.v7.widget.RecyclerView$ViewHolder onCreateViewHolder(android.view.ViewGroup,int) -> b
    27:27:android.app.Activity access$000(mx.com.logydes.colegioarji.Adapter.AdapterHijos) -> a
mx.com.logydes.colegioarji.Adapter.AdapterHijos$1 -> mx.com.logydes.colegioarji.a.a$1:
    mx.com.logydes.colegioarji.Pojos.Hijos val$mm -> a
    mx.com.logydes.colegioarji.Adapter.AdapterHijos this$0 -> b
    71:71:void <init>(mx.com.logydes.colegioarji.Adapter.AdapterHijos,mx.com.logydes.colegioarji.Pojos.Hijos) -> <init>
    74:92:void onClick(android.view.View) -> onClick
mx.com.logydes.colegioarji.Adapter.AdapterHijos$AdapterHijosViewHolder -> mx.com.logydes.colegioarji.a.a$a:
    android.widget.LinearLayout lyHijos -> n
    android.widget.TextView tvHijo -> o
    android.widget.TextView tvGrupo -> p
    int data -> q
    int IdUserAlu -> r
    java.lang.String urlBoleta -> s
    java.lang.String logoEmp -> t
    java.lang.String logoIB -> u
    int IsBoleta -> v
    int IdGruAlu -> w
    115:127:void <init>(android.view.View) -> <init>
mx.com.logydes.colegioarji.Adapter.Adapter_Lista_Elementos -> mx.com.logydes.colegioarji.a.b:
    java.util.ArrayList MM -> a
    android.app.Activity activity -> b
    java.lang.String menu -> c
    39:44:void <init>(android.app.Activity,java.lang.String) -> <init>
    49:50:mx.com.logydes.colegioarji.Adapter.Adapter_Lista_Elementos$AdapterElementosViewHolder onCreateViewHolder(android.view.ViewGroup,int) -> a
    56:130:void onBindViewHolder(mx.com.logydes.colegioarji.Adapter.Adapter_Lista_Elementos$AdapterElementosViewHolder,int) -> a
    133:133:int getItemCount() -> a
    27:27:void onBindViewHolder(android.support.v7.widget.RecyclerView$ViewHolder,int) -> a
    27:27:android.support.v7.widget.RecyclerView$ViewHolder onCreateViewHolder(android.view.ViewGroup,int) -> b
    27:27:android.app.Activity access$000(mx.com.logydes.colegioarji.Adapter.Adapter_Lista_Elementos) -> a
mx.com.logydes.colegioarji.Adapter.Adapter_Lista_Elementos$1 -> mx.com.logydes.colegioarji.a.b$1:
    mx.com.logydes.colegioarji.Adapter.Adapter_Lista_Elementos$AdapterElementosViewHolder val$cvh -> a
    mx.com.logydes.colegioarji.Adapter.Adapter_Lista_Elementos this$0 -> b
    108:108:void <init>(mx.com.logydes.colegioarji.Adapter.Adapter_Lista_Elementos,mx.com.logydes.colegioarji.Adapter.Adapter_Lista_Elementos$AdapterElementosViewHolder) -> <init>
    111:128:void onClick(android.view.View) -> onClick
mx.com.logydes.colegioarji.Adapter.Adapter_Lista_Elementos$AdapterElementosViewHolder -> mx.com.logydes.colegioarji.a.b$a:
    android.widget.LinearLayout lyElementos -> n
    android.widget.TextView tvElemento -> o
    android.widget.ImageView imgRightElements -> p
    int IdElemento -> q
    int IdElementoDestinatario -> r
    int TipoElemento -> s
    java.lang.String Menu -> t
    java.lang.String PDF -> u
    java.lang.String Directorio -> v
    java.lang.String Concepto -> w
    java.lang.String Mes -> x
    java.lang.String FechaPago -> y
    int Status_Movto -> z
    int Vencido -> A
    int IdConcepto -> B
    int PagosDiv -> C
    156:173:void <init>(android.view.View,java.lang.String) -> <init>
...
com.google.android.gms.internal.zzadf -> com.google.android.gms.c.ck:
    android.content.Context mContext -> a
    void <init>(android.content.Context) -> <init>
    com.google.android.gms.internal.zzafk zzb(com.google.android.gms.internal.zzyu,com.google.android.gms.internal.zzafk[]) -> a_
    java.lang.String zzdy(android.content.Context) -> a
com.google.android.gms.internal.zzadg -> com.google.android.gms.c.cl:
    java.lang.String RC -> a
    void <init>() -> <init>
    com.google.android.gms.internal.zzafk zzb(com.google.android.gms.internal.zzyu,com.google.android.gms.internal.zzafk[]) -> a_
com.google.android.gms.internal.zzadh -> com.google.android.gms.c.cm:
    java.lang.String aKQ -> a
    java.lang.String aKR -> b
    void <init>() -> <init>
    com.google.android.gms.internal.zzafk zzb(com.google.android.gms.internal.zzyu,com.google.android.gms.internal.zzafk[]) -> a_
com.google.android.gms.internal.zzadi -> com.google.android.gms.c.cn:
    void <init>() -> <init>
    com.google.android.gms.internal.zzafk zza(com.google.android.gms.internal.zzyu,com.google.android.gms.internal.zzafk[]) -> a
com.google.android.gms.internal.zzadj -> com.google.android.gms.c.co:
    java.util.regex.Pattern aKS -> a
    void <init>() -> <init>
    com.google.android.gms.internal.zzafk zza(com.google.android.gms.internal.zzyu,com.google.android.gms.internal.zzafk[]) -> a
    java.lang.String zza(javax.crypto.Cipher,java.lang.String,javax.crypto.spec.SecretKeySpec,javax.crypto.spec.IvParameterSpec) -> a
    void <clinit>() -> <clinit>
com.google.android.gms.internal.zzadk -> com.google.android.gms.c.cp:
    com.google.android.gms.internal.zzys$zzc aKT -> a
    void <init>(com.google.android.gms.internal.zzys$zzc) -> <init>
    com.google.android.gms.internal.zzafk zza(com.google.android.gms.internal.zzyu,com.google.android.gms.internal.zzafk[]) -> a
com.google.android.gms.internal.zzadl -> com.google.android.gms.c.cq:
    void <init>() -> <init>
    com.google.android.gms.internal.zzafk zzb(com.google.android.gms.internal.zzyu,com.google.android.gms.internal.zzafk[]) -> a_
com.google.android.gms.internal.zzadm -> com.google.android.gms.c.cr:
    void <init>() -> <init>
    com.google.android.gms.internal.zzafk zza(com.google.android.gms.internal.zzyu,com.google.android.gms.internal.zzafk[]) -> a
    byte[] zzf(java.lang.String,byte[]) -> a
com.google.android.gms.internal.zzadn -> com.google.android.gms.c.cs:
    android.content.Context mContext -> a
    void <init>(android.content.Context) -> <init>
    com.google.android.gms.internal.zzafk zzb(com.google.android.gms.internal.zzyu,com.google.android.gms.internal.zzafk[]) -> a_
com.google.android.gms.internal.zzado -> com.google.android.gms.c.ct:
    void <init>() -> <init>
    com.google.android.gms.internal.zzafk zza(com.google.android.gms.internal.zzyu,com.google.android.gms.internal.zzafk[]) -> a
    void zza(java.util.Set,java.lang.String) -> a
    void zza(java.lang.StringBuilder,java.lang.String,int,java.util.Set) -> a
    java.lang.String zza(java.lang.String,int,java.util.Set) -> a
com.google.android.gms.internal.zzadp -> com.google.android.gms.c.cu:
    void <init>() -> <init>
    com.google.android.gms.internal.zzafk zzb(com.google.android.gms.internal.zzyu,com.google.android.gms.internal.zzafk[]) -> a_
com.google.android.gms.internal.zzadq -> com.google.android.gms.c.cv:
    void <init>() -> <init>
    com.google.android.gms.internal.zzafk zzb(com.google.android.gms.internal.zzyu,com.google.android.gms.internal.zzafk[]) -> a_
com.google.android.gms.internal.zzadr -> com.google.android.gms.c.cw:
    android.content.Context mContext -> a
    com.google.android.gms.internal.zzys$zzc aKN -> b
    void <init>(android.content.Context,com.google.android.gms.internal.zzys$zzc) -> <init>
    com.google.android.gms.internal.zzafk zza(com.google.android.gms.internal.zzyu,com.google.android.gms.internal.zzafk[]) -> a