app/build/outputs/mapping/release/usage.txt
mx.com.logydes.colegioarji.Adapter.AdapterHijos:
    private static final java.lang.String TAG
    private android.app.ProgressDialog pDialog
    private mx.com.logydes.colegioarji.Utils.Utilidades Utl
    private android.content.Context context
mx.com.logydes.colegioarji.Adapter.Adapter_Lista_Elementos:
    private static final java.lang.String TAG
    private android.app.ProgressDialog pDialog
    private mx.com.logydes.colegioarji.Utils.Utilidades Utl
    private android.content.Context context
mx.com.logydes.colegioarji.Adapter.Adapter_Menu_Tutores:
    private static final java.lang.String TAG
    private android.app.ProgressDialog pDialog
    private mx.com.logydes.colegioarji.Utils.Utilidades Utl
    private android.content.Context context
mx.com.logydes.colegioarji.Boleta:
    private static final java.lang.String TAG
mx.com.logydes.colegioarji.BoletinActivity:
    private static final java.lang.String TAG
    private android.app.Activity context
mx.com.logydes.colegioarji.BuildConfig
mx.com.logydes.colegioarji.DB.dbHijos:
    private static final java.lang.String TAG
    private java.util.ArrayList mm
mx.com.logydes.colegioarji.DB.dbLista_Elementos:
    private static final java.lang.String TAG
    private java.util.ArrayList mm
    216:218:public void resfresh_Lista_Elementos()
    221:256:public void obtenerDatosRetroFit(java.lang.String,int)
mx.com.logydes.colegioarji.DB.dbLista_Elementos$4
mx.com.logydes.colegioarji.Elemento:
    private static final java.lang.String TAG
mx.com.logydes.colegioarji.Elemento$Callback
mx.com.logydes.colegioarji.Helper.SQLiteHandler:
    private static final int DATABASE_VERSION
    private static final java.lang.String DATABASE_NAME
    private static final java.lang.String TABLE_USER
    private static final java.lang.String KEY_ID
    private static final java.lang.String KEY_NAME
    private static final java.lang.String KEY_EMAIL
    private static final java.lang.String KEY_UID
    private static final java.lang.String KEY_CREATED_AT
    private static final java.lang.String KEY_USER_LABEL
    private static final java.lang.String KEY_USER_DATA
    private static final java.lang.String KEY_USER_MSG
    private static final java.lang.String KEY_USER_USERNAME
    private static final java.lang.String KEY_USER_IDUSER
    private static final java.lang.String KEY_USER_IDEMP
    private static final java.lang.String KEY_USER_EMPRESA
    private static final java.lang.String KEY_USER_IDUSERNIVELACCESO
    private static final java.lang.String KEY_USER_REGISTROSPORPAGINA
    private static final java.lang.String KEY_USER_CLAVE
    private static final java.lang.String KEY_USER_NOMBRECOMPLETOUSUARIO
    private static final java.lang.String KEY_USER_PARAM1
mx.com.logydes.colegioarji.Helper.SessionManager:
    private static final java.lang.String PREF_NAME
    private static final java.lang.String KEY_IS_LOGGEDIN
...
com.google.android.gms.drive.internal.zzp
com.google.android.gms.drive.internal.zzq
com.google.android.gms.drive.internal.zzr
com.google.android.gms.drive.internal.zzs
com.google.android.gms.drive.internal.zzs$1
com.google.android.gms.drive.internal.zzs$2
com.google.android.gms.drive.internal.zzs$3
com.google.android.gms.drive.internal.zzs$4
com.google.android.gms.drive.internal.zzs$5
com.google.android.gms.drive.internal.zzs$5$1
com.google.android.gms.drive.internal.zzs$zza
com.google.android.gms.drive.internal.zzs$zzb
com.google.android.gms.drive.internal.zzs$zzc
com.google.android.gms.drive.internal.zzs$zzd
com.google.android.gms.drive.internal.zzs$zze
com.google.android.gms.drive.internal.zzs$zzf
com.google.android.gms.drive.internal.zzs$zzg
com.google.android.gms.drive.internal.zzs$zzh
com.google.android.gms.drive.internal.zzs$zzi
com.google.android.gms.drive.internal.zzs$zzj
com.google.android.gms.drive.internal.zzt
com.google.android.gms.drive.internal.zzt$zza
com.google.android.gms.drive.internal.zzu
com.google.android.gms.drive.internal.zzu$1
com.google.android.gms.drive.internal.zzu$2
com.google.android.gms.drive.internal.zzu$3
com.google.android.gms.drive.internal.zzu$4
com.google.android.gms.drive.internal.zzu$5
com.google.android.gms.drive.internal.zzv
com.google.android.gms.drive.internal.zzv$1
com.google.android.gms.drive.internal.zzv$2
com.google.android.gms.drive.internal.zzv$3
com.google.android.gms.drive.internal.zzv$4
com.google.android.gms.drive.internal.zzw
com.google.android.gms.drive.internal.zzw$1
com.google.android.gms.drive.internal.zzw$zza
com.google.android.gms.drive.internal.zzw$zza$1
com.google.android.gms.drive.internal.zzx
com.google.android.gms.drive.internal.zzy
com.google.android.gms.drive.internal.zzy$1
com.google.android.gms.drive.internal.zzy$2
com.google.android.gms.drive.internal.zzy$zza
com.google.android.gms.drive.internal.zzy$zzb
com.google.android.gms.drive.internal.zzy$zzc
com.google.android.gms.drive.internal.zzy$zzd
com.google.android.gms.drive.internal.zzy$zze
com.google.android.gms.drive.internal.zzy$zzf
com.google.android.gms.drive.internal.zzz
com.google.android.gms.drive.metadata.CustomPropertyKey
com.google.android.gms.drive.metadata.MetadataField
com.google.android.gms.drive.metadata.SearchableCollectionMetadataField
com.google.android.gms.drive.metadata.SearchableMetadataField
com.google.android.gms.drive.metadata.SearchableOrderedMetadataField
com.google.android.gms.drive.metadata.SortableMetadataField
com.google.android.gms.drive.metadata.internal.AppVisibleCustomProperties
com.google.android.gms.drive.metadata.internal.AppVisibleCustomProperties$1
com.google.android.gms.drive.metadata.internal.AppVisibleCustomProperties$zza
com.google.android.gms.drive.metadata.internal.CustomProperty
com.google.android.gms.drive.metadata.internal.MetadataBundle
com.google.android.gms.drive.metadata.internal.ParentDriveIdSet
com.google.android.gms.drive.metadata.internal.PartialDriveId
com.google.android.gms.drive.metadata.internal.zza
com.google.android.gms.drive.metadata.internal.zzb
com.google.android.gms.drive.metadata.internal.zzc
com.google.android.gms.drive.metadata.internal.zzd
com.google.android.gms.drive.metadata.internal.zze
com.google.android.gms.drive.metadata.internal.zze$zza
com.google.android.gms.drive.metadata.internal.zzf
com.google.android.gms.drive.metadata.internal.zzg
com.google.android.gms.drive.metadata.internal.zzh
com.google.android.gms.drive.metadata.internal.zzi
com.google.android.gms.drive.metadata.internal.zzj
com.google.android.gms.drive.metadata.internal.zzk
com.google.android.gms.drive.metadata.internal.zzl
com.google.android.gms.drive.metadata.internal.zzm
com.google.android.gms.drive.metadata.internal.zzm$1
com.google.android.gms.drive.metadata.internal.zzn
com.google.android.gms.drive.metadata.internal.zzo
com.google.android.gms.drive.metadata.internal.zzp
com.google.android.gms.drive.metadata.internal.zzq
com.google.android.gms.drive.metadata.zza